<?xml version="1.0" encoding="UTF-8"?>
<testng-results ignored="0" total="1" passed="1" failed="0" skipped="0">
  <reporter-output>
  </reporter-output>
  <suite started-at="2022-05-18T19:40:50 IST" name="Default suite" finished-at="2022-05-18T19:41:03 IST" duration-ms="12755">
    <groups>
    </groups>
    <test started-at="2022-05-18T19:40:50 IST" name="Default test" finished-at="2022-05-18T19:41:03 IST" duration-ms="12755">
      <class name="com.NetBanking_v1.Suites.LoginSuite">
        <test-method is-config="true" signature="setup()[pri:0, instance:com.NetBanking_v1.Suites.LoginSuite@3a93b025]" started-at="2022-05-18T19:40:50 IST" name="setup" finished-at="2022-05-18T19:40:59 IST" duration-ms="8975" status="PASS">
          <reporter-output>
          </reporter-output>
        </test-method> <!-- setup -->
        <test-method signature="loginTest()[pri:0, instance:com.NetBanking_v1.Suites.LoginSuite@3a93b025]" started-at="2022-05-18T19:40:59 IST" name="loginTest" finished-at="2022-05-18T19:41:02 IST" duration-ms="3434" status="PASS">
          <reporter-output>
          </reporter-output>
        </test-method> <!-- loginTest -->
        <test-method is-config="true" signature="teardown()[pri:0, instance:com.NetBanking_v1.Suites.LoginSuite@3a93b025]" started-at="2022-05-18T19:41:02 IST" name="teardown" finished-at="2022-05-18T19:41:03 IST" duration-ms="273" status="PASS">
          <reporter-output>
          </reporter-output>
        </test-method> <!-- teardown -->
      </class> <!-- com.NetBanking_v1.Suites.LoginSuite -->
    </test> <!-- Default test -->
  </suite> <!-- Default suite -->
</testng-results>
